<?xml version="1.0" encoding="UTF-8"?>
<testsuite name="edu.coursera.distributed.SparkTest" time="435.908" tests="6" errors="0" skipped="0" failures="5">
  <properties>
    <property name="idea.version" value="2020.3.1"/>
    <property name="java.runtime.name" value="Java(TM) SE Runtime Environment"/>
    <property name="java.vm.version" value="13.0.1+9"/>
    <property name="sun.boot.library.path" value="C:\Program Files\Java\jdk-13.0.1\bin"/>
    <property name="maven.multiModuleProjectDirectory" value="D:\Distributed-Programming-Course\1-pageRank"/>
    <property name="java.vm.vendor" value="Oracle Corporation"/>
    <property name="java.vendor.url" value="https://java.oracle.com/"/>
    <property name="guice.disable.misplaced.annotation.check" value="true"/>
    <property name="path.separator" value=";"/>
    <property name="java.vm.name" value="Java HotSpot(TM) 64-Bit Server VM"/>
    <property name="sun.os.patch.level" value=""/>
    <property name="user.script" value=""/>
    <property name="user.country" value="US"/>
    <property name="sun.java.launcher" value="SUN_STANDARD"/>
    <property name="java.vm.specification.name" value="Java Virtual Machine Specification"/>
    <property name="user.dir" value="D:\Distributed-Programming-Course\1-pageRank"/>
    <property name="java.vm.compressedOopsMode" value="32-bit"/>
    <property name="java.runtime.version" value="13.0.1+9"/>
    <property name="os.arch" value="amd64"/>
    <property name="java.io.tmpdir" value="C:\Users\Owner\AppData\Local\Temp\"/>
    <property name="line.separator" value="&#10;"/>
    <property name="java.vm.specification.vendor" value="Oracle Corporation"/>
    <property name="user.variant" value=""/>
    <property name="os.name" value="Windows 10"/>
    <property name="maven.ext.class.path" value="C:\Users\Owner\AppData\Local\JetBrains\Toolbox\apps\IDEA-U\ch-0\203.6682.168\plugins\maven\lib\maven-event-listener.jar"/>
    <property name="classworlds.conf" value="C:\Users\Owner\AppData\Local\JetBrains\Toolbox\apps\IDEA-U\ch-0\203.6682.168\plugins\maven\lib\maven3\bin\m2.conf"/>
    <property name="sun.jnu.encoding" value="Cp1252"/>
    <property name="java.library.path" value="C:\Program Files\Java\jdk-13.0.1\bin;C:\WINDOWS\Sun\Java\bin;C:\WINDOWS\system32;C:\WINDOWS;C:\Program Files\AdoptOpenJDK\jre-8.0.272.10-hotspot\bin;C:\Program Files\Java\jdk-13.0.1\bin;&quot;C:\Program Files (x86)\Common Files\Oracle\Java\javapath;C:\Program Files\Java\jdk-13.0.1;C:\Program Files\Java\jre1.8.0_201&quot;;C:\WINDOWS\system32;C:\WINDOWS;C:\WINDOWS\System32\Wbem;C:\WINDOWS\System32\WindowsPowerShell\v1.0\;C:\WINDOWS\System32\OpenSSH\;C:\Program Files\nodejs\;C:\Program Files\Microsoft SQL Server\Client SDK\ODBC\170\Tools\Binn\;C:\Program Files\Git\cmd;C:\Program Files\MySQL\MySQL Server 8.0\bin;C:\Program Files (x86)\Microsoft SQL Server\150\Tools\Binn\;C:\Program Files\Microsoft SQL Server\150\Tools\Binn\;C:\Program Files\Microsoft SQL Server\150\DTS\Binn\;C:\Program Files\dotnet\;C:\Program Files (x86)\Microsoft SQL Server\150\DTS\Binn\;E:\Program Files (x86)\Microsoft Visual Studio\Shared\Python37_64;E:\Program Files (x86)\Microsoft Visual Studio\Shared\Python37_64\Scripts;C:\Program Files\nodejs;C:\Program Files (x86)\Common Files\Acronis\VirtualFile\;C:\Program Files (x86)\Common Files\Acronis\VirtualFile64\;C:\Program Files (x86)\Common Files\Acronis\FileProtector\;C:\Program Files (x86)\Common Files\Acronis\FileProtector64\;C:\Program Files (x86)\Common Files\Acronis\SnapAPI\;C:\ProgramData\chocolatey\bin;C:\Program Files (x86)\PuTTY\;C:\Program Files\Microsoft SQL Server\130\Tools\Binn\;C:\Program Files\Docker\Docker\resources\bin;C:\ProgramData\DockerDesktop\version-bin;C:\Program Files\MySQL\MySQL Shell 8.0\bin\;C:\Users\Owner\AppData\Local\Microsoft\WindowsApps;C:\Users\Owner\AppData\Roaming\npm;C:\Users\Owner\AppData\Local\GitHubDesktop\bin;E:\PyCharm 2019.3.3\bin;;E:\WebStorm 2020.1\bin;;E:\IntelliJ IDEA 2020.1.1\bin;;C:\Users\Owner\AppData\Local\Programs\Microsoft VS Code\bin;E:\Program Files (x86)\Microsoft Visual Studio\Shared\Python37_64\Scripts;E:\Program Files (x86)\Microsoft Visual Studio\Shared\Python37_64;C:\Program Files\nodejs\;C:\Users\Owner\.dotnet\tools;C:\Users\Owner\AppData\Local\Microsoft\WindowsApps;&quot;C:\WINDOWS\system32;C:\WINDOWS;C:\WINDOWS\System32\wbem;&quot;;C:\Windows\System32\;;."/>
    <property name="maven.conf" value="C:\Users\Owner\AppData\Local\JetBrains\Toolbox\apps\IDEA-U\ch-0\203.6682.168\plugins\maven\lib\maven3/conf"/>
    <property name="jdk.debug" value="release"/>
    <property name="java.class.version" value="57.0"/>
    <property name="java.specification.name" value="Java Platform API Specification"/>
    <property name="sun.management.compiler" value="HotSpot 64-Bit Tiered Compilers"/>
    <property name="os.version" value="10.0"/>
    <property name="user.home" value="C:\Users\Owner"/>
    <property name="user.timezone" value="America/Toronto"/>
    <property name="file.encoding" value="UTF-8"/>
    <property name="java.specification.version" value="13"/>
    <property name="user.name" value="Owner"/>
    <property name="java.class.path" value="C:\Users\Owner\AppData\Local\JetBrains\Toolbox\apps\IDEA-U\ch-0\203.6682.168\plugins\maven\lib\maven3\boot\plexus-classworlds-2.6.0.jar;C:\Users\Owner\AppData\Local\JetBrains\Toolbox\apps\IDEA-U\ch-0\203.6682.168\plugins\maven\lib\maven3\boot\plexus-classworlds.license"/>
    <property name="java.vm.specification.version" value="13"/>
    <property name="sun.arch.data.model" value="64"/>
    <property name="sun.java.command" value="org.codehaus.classworlds.Launcher -Didea.version=2020.3.1 test"/>
    <property name="java.home" value="C:\Program Files\Java\jdk-13.0.1"/>
    <property name="user.language" value="en"/>
    <property name="java.specification.vendor" value="Oracle Corporation"/>
    <property name="java.vm.info" value="mixed mode, sharing"/>
    <property name="java.version" value="13.0.1"/>
    <property name="java.vendor" value="Oracle Corporation"/>
    <property name="maven.home" value="C:\Users\Owner\AppData\Local\JetBrains\Toolbox\apps\IDEA-U\ch-0\203.6682.168\plugins\maven\lib\maven3"/>
    <property name="file.separator" value="\"/>
    <property name="java.version.date" value="2019-10-15"/>
    <property name="java.vendor.url.bug" value="https://bugreport.java.com/bugreport/"/>
    <property name="sun.io.unicode.encoding" value="UnicodeLittle"/>
    <property name="sun.cpu.endian" value="little"/>
    <property name="sun.cpu.isalist" value="amd64"/>
  </properties>
  <testcase name="testIncreasingFiftyThousand" classname="edu.coursera.distributed.SparkTest" time="105.117">
    <failure message="Expected at least 1.35x speedup, but only saw 1.260907732093288x. Sequential time = 53146 ms, parallel time = 42149 ms" type="junit.framework.AssertionFailedError">junit.framework.AssertionFailedError: Expected at least 1.35x speedup, but only saw 1.260907732093288x. Sequential time = 53146 ms, parallel time = 42149 ms
	at junit.framework.Assert.fail(Assert.java:47)
	at junit.framework.Assert.assertTrue(Assert.java:20)
	at edu.coursera.distributed.SparkTest.testDriver(SparkTest.java:229)
	at edu.coursera.distributed.SparkTest.testIncreasingFiftyThousand(SparkTest.java:272)
</failure>
    <system-err><![CDATA[Running the PageRank algorithm for 5 iterations on a website graph of 50000 websites

Using Spark's default log4j profile: org/apache/spark/log4j-defaults.properties
21/01/02 14:32:07 INFO PlatformDependent: Your platform does not provide complete low-level API for accessing direct buffers reliably. Unless explicitly requested, heap buffer will always be preferred to avoid potential system unstability.
21/01/02 14:32:09 INFO Remoting: Starting remoting
21/01/02 14:32:09 INFO Remoting: Remoting started; listening on addresses :[akka.tcp://sparkDriverActorSystem@192.168.1.49:57413]

Single-core execution ran in 53146 ms
8-core execution ran in 42149 ms, yielding a speedup of 1.260907732093288x

]]></system-err>
  </testcase>
  <testcase name="testRandomTwentyThousand" classname="edu.coursera.distributed.SparkTest" time="43.611"/>
  <testcase name="testRandomFiftyThousand" classname="edu.coursera.distributed.SparkTest" time="87.238">
    <failure message="Expected at least 1.35x speedup, but only saw 1.1999419080562963x. Sequential time = 45443 ms, parallel time = 37871 ms" type="junit.framework.AssertionFailedError">junit.framework.AssertionFailedError: Expected at least 1.35x speedup, but only saw 1.1999419080562963x. Sequential time = 45443 ms, parallel time = 37871 ms
	at junit.framework.Assert.fail(Assert.java:47)
	at junit.framework.Assert.assertTrue(Assert.java:20)
	at edu.coursera.distributed.SparkTest.testDriver(SparkTest.java:229)
	at edu.coursera.distributed.SparkTest.testRandomFiftyThousand(SparkTest.java:294)
</failure>
    <system-err><![CDATA[Running the PageRank algorithm for 5 iterations on a website graph of 50000 websites


Single-core execution ran in 45443 ms
8-core execution ran in 37871 ms, yielding a speedup of 1.1999419080562963x

]]></system-err>
  </testcase>
  <testcase name="testIncreasingTwentyThousand" classname="edu.coursera.distributed.SparkTest" time="40.196">
    <failure message="Expected at least 1.35x speedup, but only saw 1.1278561276921395x. Sequential time = 20633 ms, parallel time = 18294 ms" type="junit.framework.AssertionFailedError">junit.framework.AssertionFailedError: Expected at least 1.35x speedup, but only saw 1.1278561276921395x. Sequential time = 20633 ms, parallel time = 18294 ms
	at junit.framework.Assert.fail(Assert.java:47)
	at junit.framework.Assert.assertTrue(Assert.java:20)
	at edu.coursera.distributed.SparkTest.testDriver(SparkTest.java:229)
	at edu.coursera.distributed.SparkTest.testIncreasingTwentyThousand(SparkTest.java:261)
</failure>
    <system-err><![CDATA[Running the PageRank algorithm for 5 iterations on a website graph of 20000 websites


Single-core execution ran in 20633 ms
8-core execution ran in 18294 ms, yielding a speedup of 1.1278561276921395x

]]></system-err>
  </testcase>
  <testcase name="testUniformTwentyThousand" classname="edu.coursera.distributed.SparkTest" time="41.641">
    <failure message="Expected at least 1.35x speedup, but only saw 1.1156430446194225x. Sequential time = 21253 ms, parallel time = 19050 ms" type="junit.framework.AssertionFailedError">junit.framework.AssertionFailedError: Expected at least 1.35x speedup, but only saw 1.1156430446194225x. Sequential time = 21253 ms, parallel time = 19050 ms
	at junit.framework.Assert.fail(Assert.java:47)
	at junit.framework.Assert.assertTrue(Assert.java:20)
	at edu.coursera.distributed.SparkTest.testDriver(SparkTest.java:229)
	at edu.coursera.distributed.SparkTest.testUniformTwentyThousand(SparkTest.java:239)
</failure>
    <system-err><![CDATA[Running the PageRank algorithm for 5 iterations on a website graph of 20000 websites


Single-core execution ran in 21253 ms
8-core execution ran in 19050 ms, yielding a speedup of 1.1156430446194225x

]]></system-err>
  </testcase>
  <testcase name="testUniformFiftyThousand" classname="edu.coursera.distributed.SparkTest" time="118.105">
    <failure message="Expected at least 1.35x speedup, but only saw 1.3283720165285857x. Sequential time = 64616 ms, parallel time = 48643 ms" type="junit.framework.AssertionFailedError">junit.framework.AssertionFailedError: Expected at least 1.35x speedup, but only saw 1.3283720165285857x. Sequential time = 64616 ms, parallel time = 48643 ms
	at junit.framework.Assert.fail(Assert.java:47)
	at junit.framework.Assert.assertTrue(Assert.java:20)
	at edu.coursera.distributed.SparkTest.testDriver(SparkTest.java:229)
	at edu.coursera.distributed.SparkTest.testUniformFiftyThousand(SparkTest.java:250)
</failure>
    <system-err><![CDATA[Running the PageRank algorithm for 5 iterations on a website graph of 50000 websites


Single-core execution ran in 64616 ms
8-core execution ran in 48643 ms, yielding a speedup of 1.3283720165285857x

]]></system-err>
  </testcase>
</testsuite>