<?xml version="1.0" encoding="UTF-8"?>
<testsuite name="edu.coursera.distributed.SparkTest" time="7.923" tests="6" errors="6" skipped="0" failures="0">
  <properties>
    <property name="idea.version" value="2020.3"/>
    <property name="java.runtime.name" value="Java(TM) SE Runtime Environment"/>
    <property name="java.vm.version" value="13.0.1+9"/>
    <property name="sun.boot.library.path" value="C:\Program Files\Java\jdk-13.0.1\bin"/>
    <property name="maven.multiModuleProjectDirectory" value="D:\Distributed-Programming\1-pageRank"/>
    <property name="java.vm.vendor" value="Oracle Corporation"/>
    <property name="java.vendor.url" value="https://java.oracle.com/"/>
    <property name="guice.disable.misplaced.annotation.check" value="true"/>
    <property name="path.separator" value=";"/>
    <property name="java.vm.name" value="Java HotSpot(TM) 64-Bit Server VM"/>
    <property name="sun.os.patch.level" value=""/>
    <property name="user.script" value=""/>
    <property name="user.country" value="US"/>
    <property name="sun.java.launcher" value="SUN_STANDARD"/>
    <property name="java.vm.specification.name" value="Java Virtual Machine Specification"/>
    <property name="user.dir" value="D:\Distributed-Programming\1-pageRank"/>
    <property name="java.vm.compressedOopsMode" value="32-bit"/>
    <property name="java.runtime.version" value="13.0.1+9"/>
    <property name="os.arch" value="amd64"/>
    <property name="java.io.tmpdir" value="C:\Users\Owner\AppData\Local\Temp\"/>
    <property name="line.separator" value="&#10;"/>
    <property name="java.vm.specification.vendor" value="Oracle Corporation"/>
    <property name="user.variant" value=""/>
    <property name="os.name" value="Windows 10"/>
    <property name="maven.ext.class.path" value="C:\Users\Owner\AppData\Local\JetBrains\Toolbox\apps\IDEA-U\ch-0\203.5981.155\plugins\maven\lib\maven-event-listener.jar"/>
    <property name="classworlds.conf" value="C:\Users\Owner\AppData\Local\JetBrains\Toolbox\apps\IDEA-U\ch-0\203.5981.155\plugins\maven\lib\maven3\bin\m2.conf"/>
    <property name="sun.jnu.encoding" value="Cp1252"/>
    <property name="java.library.path" value="C:\Program Files\Java\jdk-13.0.1\bin;C:\WINDOWS\Sun\Java\bin;C:\WINDOWS\system32;C:\WINDOWS;C:\Program Files\AdoptOpenJDK\jre-8.0.272.10-hotspot\bin;C:\Program Files\Java\jdk-13.0.1\bin;&quot;C:\Program Files (x86)\Common Files\Oracle\Java\javapath;C:\Program Files\Java\jdk-13.0.1;C:\Program Files\Java\jre1.8.0_201&quot;;C:\WINDOWS\system32;C:\WINDOWS;C:\WINDOWS\System32\Wbem;C:\WINDOWS\System32\WindowsPowerShell\v1.0\;C:\WINDOWS\System32\OpenSSH\;C:\Program Files\nodejs\;C:\Program Files\Microsoft SQL Server\Client SDK\ODBC\170\Tools\Binn\;C:\Program Files\Git\cmd;C:\Program Files\MySQL\MySQL Server 8.0\bin;C:\Program Files (x86)\Microsoft SQL Server\150\Tools\Binn\;C:\Program Files\Microsoft SQL Server\150\Tools\Binn\;C:\Program Files\Microsoft SQL Server\150\DTS\Binn\;C:\Program Files\dotnet\;C:\Program Files (x86)\Microsoft SQL Server\150\DTS\Binn\;E:\Program Files (x86)\Microsoft Visual Studio\Shared\Python37_64;E:\Program Files (x86)\Microsoft Visual Studio\Shared\Python37_64\Scripts;C:\Program Files\nodejs;C:\Program Files (x86)\Common Files\Acronis\VirtualFile\;C:\Program Files (x86)\Common Files\Acronis\VirtualFile64\;C:\Program Files (x86)\Common Files\Acronis\FileProtector\;C:\Program Files (x86)\Common Files\Acronis\FileProtector64\;C:\Program Files (x86)\Common Files\Acronis\SnapAPI\;C:\ProgramData\chocolatey\bin;C:\Program Files (x86)\PuTTY\;C:\Program Files\Microsoft SQL Server\130\Tools\Binn\;C:\Program Files\Docker\Docker\resources\bin;C:\ProgramData\DockerDesktop\version-bin;C:\Program Files\MySQL\MySQL Shell 8.0\bin\;C:\Users\Owner\AppData\Local\Microsoft\WindowsApps;C:\Users\Owner\AppData\Roaming\npm;C:\Users\Owner\AppData\Local\GitHubDesktop\bin;E:\PyCharm 2019.3.3\bin;;E:\WebStorm 2020.1\bin;;E:\IntelliJ IDEA 2020.1.1\bin;;C:\Users\Owner\AppData\Local\Programs\Microsoft VS Code\bin;E:\Program Files (x86)\Microsoft Visual Studio\Shared\Python37_64\Scripts;E:\Program Files (x86)\Microsoft Visual Studio\Shared\Python37_64;C:\Program Files\nodejs;C:\Users\Owner\.dotnet\tools;C:\Users\Owner\AppData\Local\Microsoft\WindowsApps;;."/>
    <property name="maven.conf" value="C:\Users\Owner\AppData\Local\JetBrains\Toolbox\apps\IDEA-U\ch-0\203.5981.155\plugins\maven\lib\maven3/conf"/>
    <property name="jdk.debug" value="release"/>
    <property name="java.class.version" value="57.0"/>
    <property name="java.specification.name" value="Java Platform API Specification"/>
    <property name="sun.management.compiler" value="HotSpot 64-Bit Tiered Compilers"/>
    <property name="os.version" value="10.0"/>
    <property name="user.home" value="C:\Users\Owner"/>
    <property name="user.timezone" value="America/Toronto"/>
    <property name="file.encoding" value="UTF-8"/>
    <property name="java.specification.version" value="13"/>
    <property name="user.name" value="Owner"/>
    <property name="java.class.path" value="C:\Users\Owner\AppData\Local\JetBrains\Toolbox\apps\IDEA-U\ch-0\203.5981.155\plugins\maven\lib\maven3\boot\plexus-classworlds-2.6.0.jar;C:\Users\Owner\AppData\Local\JetBrains\Toolbox\apps\IDEA-U\ch-0\203.5981.155\plugins\maven\lib\maven3\boot\plexus-classworlds.license"/>
    <property name="java.vm.specification.version" value="13"/>
    <property name="sun.arch.data.model" value="64"/>
    <property name="sun.java.command" value="org.codehaus.classworlds.Launcher -Didea.version=2020.3 test"/>
    <property name="java.home" value="C:\Program Files\Java\jdk-13.0.1"/>
    <property name="user.language" value="en"/>
    <property name="java.specification.vendor" value="Oracle Corporation"/>
    <property name="java.vm.info" value="mixed mode, sharing"/>
    <property name="java.version" value="13.0.1"/>
    <property name="java.vendor" value="Oracle Corporation"/>
    <property name="maven.home" value="C:\Users\Owner\AppData\Local\JetBrains\Toolbox\apps\IDEA-U\ch-0\203.5981.155\plugins\maven\lib\maven3"/>
    <property name="file.separator" value="\"/>
    <property name="java.version.date" value="2019-10-15"/>
    <property name="java.vendor.url.bug" value="https://bugreport.java.com/bugreport/"/>
    <property name="sun.io.unicode.encoding" value="UnicodeLittle"/>
    <property name="sun.cpu.endian" value="little"/>
    <property name="sun.cpu.isalist" value="amd64"/>
  </properties>
  <testcase name="testUniformTwentyThousand" classname="edu.coursera.distributed.SparkTest" time="6.555">
    <error type="java.lang.UnsupportedOperationException">java.lang.UnsupportedOperationException
	at edu.coursera.distributed.PageRank.sparkPageRank(PageRank.java:52)
	at edu.coursera.distributed.SparkTest.testDriver(SparkTest.java:180)
	at edu.coursera.distributed.SparkTest.testUniformTwentyThousand(SparkTest.java:239)
</error>
    <system-err><![CDATA[Running the PageRank algorithm for 5 iterations on a website graph of 20000 websites

Using Spark's default log4j profile: org/apache/spark/log4j-defaults.properties
20/12/18 23:58:37 INFO PlatformDependent: Your platform does not provide complete low-level API for accessing direct buffers reliably. Unless explicitly requested, heap buffer will always be preferred to avoid potential system unstability.
20/12/18 23:58:39 INFO Remoting: Starting remoting
20/12/18 23:58:39 INFO Remoting: Remoting started; listening on addresses :[akka.tcp://sparkDriverActorSystem@192.168.1.49:60083]
]]></system-err>
  </testcase>
  <testcase name="testIncreasingTwentyThousand" classname="edu.coursera.distributed.SparkTest" time="0.468">
    <error message="Only one SparkContext may be running in this JVM (see SPARK-2243). To ignore this error, set spark.driver.allowMultipleContexts = true. The currently running SparkContext was created at:&#10;org.apache.spark.api.java.JavaSparkContext.&lt;init&gt;(JavaSparkContext.scala:59)&#10;edu.coursera.distributed.SparkTest.getSparkContext(SparkTest.java:38)&#10;edu.coursera.distributed.SparkTest.testDriver(SparkTest.java:170)&#10;edu.coursera.distributed.SparkTest.testUniformTwentyThousand(SparkTest.java:239)&#10;java.base/jdk.internal.reflect.NativeMethodAccessorImpl.invoke0(Native Method)&#10;java.base/jdk.internal.reflect.NativeMethodAccessorImpl.invoke(NativeMethodAccessorImpl.java:62)&#10;java.base/jdk.internal.reflect.DelegatingMethodAccessorImpl.invoke(DelegatingMethodAccessorImpl.java:43)&#10;java.base/java.lang.reflect.Method.invoke(Method.java:567)&#10;junit.framework.TestCase.runTest(TestCase.java:164)&#10;junit.framework.TestCase.runBare(TestCase.java:130)&#10;junit.framework.TestResult$1.protect(TestResult.java:106)&#10;junit.framework.TestResult.runProtected(TestResult.java:124)&#10;junit.framework.TestResult.run(TestResult.java:109)&#10;junit.framework.TestCase.run(TestCase.java:120)&#10;junit.framework.TestSuite.runTest(TestSuite.java:230)&#10;junit.framework.TestSuite.run(TestSuite.java:225)&#10;java.base/jdk.internal.reflect.NativeMethodAccessorImpl.invoke0(Native Method)&#10;java.base/jdk.internal.reflect.NativeMethodAccessorImpl.invoke(NativeMethodAccessorImpl.java:62)&#10;java.base/jdk.internal.reflect.DelegatingMethodAccessorImpl.invoke(DelegatingMethodAccessorImpl.java:43)&#10;java.base/java.lang.reflect.Method.invoke(Method.java:567)" type="org.apache.spark.SparkException"><![CDATA[org.apache.spark.SparkException: Only one SparkContext may be running in this JVM (see SPARK-2243). To ignore this error, set spark.driver.allowMultipleContexts = true. The currently running SparkContext was created at:
org.apache.spark.api.java.JavaSparkContext.<init>(JavaSparkContext.scala:59)
edu.coursera.distributed.SparkTest.getSparkContext(SparkTest.java:38)
edu.coursera.distributed.SparkTest.testDriver(SparkTest.java:170)
edu.coursera.distributed.SparkTest.testUniformTwentyThousand(SparkTest.java:239)
java.base/jdk.internal.reflect.NativeMethodAccessorImpl.invoke0(Native Method)
java.base/jdk.internal.reflect.NativeMethodAccessorImpl.invoke(NativeMethodAccessorImpl.java:62)
java.base/jdk.internal.reflect.DelegatingMethodAccessorImpl.invoke(DelegatingMethodAccessorImpl.java:43)
java.base/java.lang.reflect.Method.invoke(Method.java:567)
junit.framework.TestCase.runTest(TestCase.java:164)
junit.framework.TestCase.runBare(TestCase.java:130)
junit.framework.TestResult$1.protect(TestResult.java:106)
junit.framework.TestResult.runProtected(TestResult.java:124)
junit.framework.TestResult.run(TestResult.java:109)
junit.framework.TestCase.run(TestCase.java:120)
junit.framework.TestSuite.runTest(TestSuite.java:230)
junit.framework.TestSuite.run(TestSuite.java:225)
java.base/jdk.internal.reflect.NativeMethodAccessorImpl.invoke0(Native Method)
java.base/jdk.internal.reflect.NativeMethodAccessorImpl.invoke(NativeMethodAccessorImpl.java:62)
java.base/jdk.internal.reflect.DelegatingMethodAccessorImpl.invoke(DelegatingMethodAccessorImpl.java:43)
java.base/java.lang.reflect.Method.invoke(Method.java:567)
	at org.apache.spark.SparkContext$$anonfun$assertNoOtherContextIsRunning$1.apply(SparkContext.scala:2257)
	at org.apache.spark.SparkContext$$anonfun$assertNoOtherContextIsRunning$1.apply(SparkContext.scala:2239)
	at scala.Option.foreach(Option.scala:236)
	at org.apache.spark.SparkContext$.assertNoOtherContextIsRunning(SparkContext.scala:2239)
	at org.apache.spark.SparkContext$.setActiveContext(SparkContext.scala:2325)
	at org.apache.spark.SparkContext.<init>(SparkContext.scala:2197)
	at org.apache.spark.api.java.JavaSparkContext.<init>(JavaSparkContext.scala:59)
	at edu.coursera.distributed.SparkTest.getSparkContext(SparkTest.java:38)
	at edu.coursera.distributed.SparkTest.testDriver(SparkTest.java:170)
	at edu.coursera.distributed.SparkTest.testIncreasingTwentyThousand(SparkTest.java:261)
]]></error>
    <system-err><![CDATA[Running the PageRank algorithm for 5 iterations on a website graph of 20000 websites

]]></system-err>
  </testcase>
  <testcase name="testRandomTwentyThousand" classname="edu.coursera.distributed.SparkTest" time="0.076">
    <error message="Only one SparkContext may be running in this JVM (see SPARK-2243). To ignore this error, set spark.driver.allowMultipleContexts = true. The currently running SparkContext was created at:&#10;org.apache.spark.api.java.JavaSparkContext.&lt;init&gt;(JavaSparkContext.scala:59)&#10;edu.coursera.distributed.SparkTest.getSparkContext(SparkTest.java:38)&#10;edu.coursera.distributed.SparkTest.testDriver(SparkTest.java:170)&#10;edu.coursera.distributed.SparkTest.testUniformTwentyThousand(SparkTest.java:239)&#10;java.base/jdk.internal.reflect.NativeMethodAccessorImpl.invoke0(Native Method)&#10;java.base/jdk.internal.reflect.NativeMethodAccessorImpl.invoke(NativeMethodAccessorImpl.java:62)&#10;java.base/jdk.internal.reflect.DelegatingMethodAccessorImpl.invoke(DelegatingMethodAccessorImpl.java:43)&#10;java.base/java.lang.reflect.Method.invoke(Method.java:567)&#10;junit.framework.TestCase.runTest(TestCase.java:164)&#10;junit.framework.TestCase.runBare(TestCase.java:130)&#10;junit.framework.TestResult$1.protect(TestResult.java:106)&#10;junit.framework.TestResult.runProtected(TestResult.java:124)&#10;junit.framework.TestResult.run(TestResult.java:109)&#10;junit.framework.TestCase.run(TestCase.java:120)&#10;junit.framework.TestSuite.runTest(TestSuite.java:230)&#10;junit.framework.TestSuite.run(TestSuite.java:225)&#10;java.base/jdk.internal.reflect.NativeMethodAccessorImpl.invoke0(Native Method)&#10;java.base/jdk.internal.reflect.NativeMethodAccessorImpl.invoke(NativeMethodAccessorImpl.java:62)&#10;java.base/jdk.internal.reflect.DelegatingMethodAccessorImpl.invoke(DelegatingMethodAccessorImpl.java:43)&#10;java.base/java.lang.reflect.Method.invoke(Method.java:567)" type="org.apache.spark.SparkException"><![CDATA[org.apache.spark.SparkException: Only one SparkContext may be running in this JVM (see SPARK-2243). To ignore this error, set spark.driver.allowMultipleContexts = true. The currently running SparkContext was created at:
org.apache.spark.api.java.JavaSparkContext.<init>(JavaSparkContext.scala:59)
edu.coursera.distributed.SparkTest.getSparkContext(SparkTest.java:38)
edu.coursera.distributed.SparkTest.testDriver(SparkTest.java:170)
edu.coursera.distributed.SparkTest.testUniformTwentyThousand(SparkTest.java:239)
java.base/jdk.internal.reflect.NativeMethodAccessorImpl.invoke0(Native Method)
java.base/jdk.internal.reflect.NativeMethodAccessorImpl.invoke(NativeMethodAccessorImpl.java:62)
java.base/jdk.internal.reflect.DelegatingMethodAccessorImpl.invoke(DelegatingMethodAccessorImpl.java:43)
java.base/java.lang.reflect.Method.invoke(Method.java:567)
junit.framework.TestCase.runTest(TestCase.java:164)
junit.framework.TestCase.runBare(TestCase.java:130)
junit.framework.TestResult$1.protect(TestResult.java:106)
junit.framework.TestResult.runProtected(TestResult.java:124)
junit.framework.TestResult.run(TestResult.java:109)
junit.framework.TestCase.run(TestCase.java:120)
junit.framework.TestSuite.runTest(TestSuite.java:230)
junit.framework.TestSuite.run(TestSuite.java:225)
java.base/jdk.internal.reflect.NativeMethodAccessorImpl.invoke0(Native Method)
java.base/jdk.internal.reflect.NativeMethodAccessorImpl.invoke(NativeMethodAccessorImpl.java:62)
java.base/jdk.internal.reflect.DelegatingMethodAccessorImpl.invoke(DelegatingMethodAccessorImpl.java:43)
java.base/java.lang.reflect.Method.invoke(Method.java:567)
	at org.apache.spark.SparkContext$$anonfun$assertNoOtherContextIsRunning$1.apply(SparkContext.scala:2257)
	at org.apache.spark.SparkContext$$anonfun$assertNoOtherContextIsRunning$1.apply(SparkContext.scala:2239)
	at scala.Option.foreach(Option.scala:236)
	at org.apache.spark.SparkContext$.assertNoOtherContextIsRunning(SparkContext.scala:2239)
	at org.apache.spark.SparkContext$.markPartiallyConstructed(SparkContext.scala:2312)
	at org.apache.spark.SparkContext.<init>(SparkContext.scala:91)
	at org.apache.spark.api.java.JavaSparkContext.<init>(JavaSparkContext.scala:59)
	at edu.coursera.distributed.SparkTest.getSparkContext(SparkTest.java:38)
	at edu.coursera.distributed.SparkTest.testDriver(SparkTest.java:170)
	at edu.coursera.distributed.SparkTest.testRandomTwentyThousand(SparkTest.java:283)
]]></error>
    <system-err><![CDATA[Running the PageRank algorithm for 5 iterations on a website graph of 20000 websites

]]></system-err>
  </testcase>
  <testcase name="testUniformFiftyThousand" classname="edu.coursera.distributed.SparkTest" time="0.321">
    <error message="Only one SparkContext may be running in this JVM (see SPARK-2243). To ignore this error, set spark.driver.allowMultipleContexts = true. The currently running SparkContext was created at:&#10;org.apache.spark.api.java.JavaSparkContext.&lt;init&gt;(JavaSparkContext.scala:59)&#10;edu.coursera.distributed.SparkTest.getSparkContext(SparkTest.java:38)&#10;edu.coursera.distributed.SparkTest.testDriver(SparkTest.java:170)&#10;edu.coursera.distributed.SparkTest.testUniformTwentyThousand(SparkTest.java:239)&#10;java.base/jdk.internal.reflect.NativeMethodAccessorImpl.invoke0(Native Method)&#10;java.base/jdk.internal.reflect.NativeMethodAccessorImpl.invoke(NativeMethodAccessorImpl.java:62)&#10;java.base/jdk.internal.reflect.DelegatingMethodAccessorImpl.invoke(DelegatingMethodAccessorImpl.java:43)&#10;java.base/java.lang.reflect.Method.invoke(Method.java:567)&#10;junit.framework.TestCase.runTest(TestCase.java:164)&#10;junit.framework.TestCase.runBare(TestCase.java:130)&#10;junit.framework.TestResult$1.protect(TestResult.java:106)&#10;junit.framework.TestResult.runProtected(TestResult.java:124)&#10;junit.framework.TestResult.run(TestResult.java:109)&#10;junit.framework.TestCase.run(TestCase.java:120)&#10;junit.framework.TestSuite.runTest(TestSuite.java:230)&#10;junit.framework.TestSuite.run(TestSuite.java:225)&#10;java.base/jdk.internal.reflect.NativeMethodAccessorImpl.invoke0(Native Method)&#10;java.base/jdk.internal.reflect.NativeMethodAccessorImpl.invoke(NativeMethodAccessorImpl.java:62)&#10;java.base/jdk.internal.reflect.DelegatingMethodAccessorImpl.invoke(DelegatingMethodAccessorImpl.java:43)&#10;java.base/java.lang.reflect.Method.invoke(Method.java:567)" type="org.apache.spark.SparkException"><![CDATA[org.apache.spark.SparkException: Only one SparkContext may be running in this JVM (see SPARK-2243). To ignore this error, set spark.driver.allowMultipleContexts = true. The currently running SparkContext was created at:
org.apache.spark.api.java.JavaSparkContext.<init>(JavaSparkContext.scala:59)
edu.coursera.distributed.SparkTest.getSparkContext(SparkTest.java:38)
edu.coursera.distributed.SparkTest.testDriver(SparkTest.java:170)
edu.coursera.distributed.SparkTest.testUniformTwentyThousand(SparkTest.java:239)
java.base/jdk.internal.reflect.NativeMethodAccessorImpl.invoke0(Native Method)
java.base/jdk.internal.reflect.NativeMethodAccessorImpl.invoke(NativeMethodAccessorImpl.java:62)
java.base/jdk.internal.reflect.DelegatingMethodAccessorImpl.invoke(DelegatingMethodAccessorImpl.java:43)
java.base/java.lang.reflect.Method.invoke(Method.java:567)
junit.framework.TestCase.runTest(TestCase.java:164)
junit.framework.TestCase.runBare(TestCase.java:130)
junit.framework.TestResult$1.protect(TestResult.java:106)
junit.framework.TestResult.runProtected(TestResult.java:124)
junit.framework.TestResult.run(TestResult.java:109)
junit.framework.TestCase.run(TestCase.java:120)
junit.framework.TestSuite.runTest(TestSuite.java:230)
junit.framework.TestSuite.run(TestSuite.java:225)
java.base/jdk.internal.reflect.NativeMethodAccessorImpl.invoke0(Native Method)
java.base/jdk.internal.reflect.NativeMethodAccessorImpl.invoke(NativeMethodAccessorImpl.java:62)
java.base/jdk.internal.reflect.DelegatingMethodAccessorImpl.invoke(DelegatingMethodAccessorImpl.java:43)
java.base/java.lang.reflect.Method.invoke(Method.java:567)
	at org.apache.spark.SparkContext$$anonfun$assertNoOtherContextIsRunning$1.apply(SparkContext.scala:2257)
	at org.apache.spark.SparkContext$$anonfun$assertNoOtherContextIsRunning$1.apply(SparkContext.scala:2239)
	at scala.Option.foreach(Option.scala:236)
	at org.apache.spark.SparkContext$.assertNoOtherContextIsRunning(SparkContext.scala:2239)
	at org.apache.spark.SparkContext$.markPartiallyConstructed(SparkContext.scala:2312)
	at org.apache.spark.SparkContext.<init>(SparkContext.scala:91)
	at org.apache.spark.api.java.JavaSparkContext.<init>(JavaSparkContext.scala:59)
	at edu.coursera.distributed.SparkTest.getSparkContext(SparkTest.java:38)
	at edu.coursera.distributed.SparkTest.testDriver(SparkTest.java:170)
	at edu.coursera.distributed.SparkTest.testUniformFiftyThousand(SparkTest.java:250)
]]></error>
    <system-err><![CDATA[Running the PageRank algorithm for 5 iterations on a website graph of 50000 websites

]]></system-err>
  </testcase>
  <testcase name="testIncreasingFiftyThousand" classname="edu.coursera.distributed.SparkTest" time="0.223">
    <error message="Only one SparkContext may be running in this JVM (see SPARK-2243). To ignore this error, set spark.driver.allowMultipleContexts = true. The currently running SparkContext was created at:&#10;org.apache.spark.api.java.JavaSparkContext.&lt;init&gt;(JavaSparkContext.scala:59)&#10;edu.coursera.distributed.SparkTest.getSparkContext(SparkTest.java:38)&#10;edu.coursera.distributed.SparkTest.testDriver(SparkTest.java:170)&#10;edu.coursera.distributed.SparkTest.testUniformTwentyThousand(SparkTest.java:239)&#10;java.base/jdk.internal.reflect.NativeMethodAccessorImpl.invoke0(Native Method)&#10;java.base/jdk.internal.reflect.NativeMethodAccessorImpl.invoke(NativeMethodAccessorImpl.java:62)&#10;java.base/jdk.internal.reflect.DelegatingMethodAccessorImpl.invoke(DelegatingMethodAccessorImpl.java:43)&#10;java.base/java.lang.reflect.Method.invoke(Method.java:567)&#10;junit.framework.TestCase.runTest(TestCase.java:164)&#10;junit.framework.TestCase.runBare(TestCase.java:130)&#10;junit.framework.TestResult$1.protect(TestResult.java:106)&#10;junit.framework.TestResult.runProtected(TestResult.java:124)&#10;junit.framework.TestResult.run(TestResult.java:109)&#10;junit.framework.TestCase.run(TestCase.java:120)&#10;junit.framework.TestSuite.runTest(TestSuite.java:230)&#10;junit.framework.TestSuite.run(TestSuite.java:225)&#10;java.base/jdk.internal.reflect.NativeMethodAccessorImpl.invoke0(Native Method)&#10;java.base/jdk.internal.reflect.NativeMethodAccessorImpl.invoke(NativeMethodAccessorImpl.java:62)&#10;java.base/jdk.internal.reflect.DelegatingMethodAccessorImpl.invoke(DelegatingMethodAccessorImpl.java:43)&#10;java.base/java.lang.reflect.Method.invoke(Method.java:567)" type="org.apache.spark.SparkException"><![CDATA[org.apache.spark.SparkException: Only one SparkContext may be running in this JVM (see SPARK-2243). To ignore this error, set spark.driver.allowMultipleContexts = true. The currently running SparkContext was created at:
org.apache.spark.api.java.JavaSparkContext.<init>(JavaSparkContext.scala:59)
edu.coursera.distributed.SparkTest.getSparkContext(SparkTest.java:38)
edu.coursera.distributed.SparkTest.testDriver(SparkTest.java:170)
edu.coursera.distributed.SparkTest.testUniformTwentyThousand(SparkTest.java:239)
java.base/jdk.internal.reflect.NativeMethodAccessorImpl.invoke0(Native Method)
java.base/jdk.internal.reflect.NativeMethodAccessorImpl.invoke(NativeMethodAccessorImpl.java:62)
java.base/jdk.internal.reflect.DelegatingMethodAccessorImpl.invoke(DelegatingMethodAccessorImpl.java:43)
java.base/java.lang.reflect.Method.invoke(Method.java:567)
junit.framework.TestCase.runTest(TestCase.java:164)
junit.framework.TestCase.runBare(TestCase.java:130)
junit.framework.TestResult$1.protect(TestResult.java:106)
junit.framework.TestResult.runProtected(TestResult.java:124)
junit.framework.TestResult.run(TestResult.java:109)
junit.framework.TestCase.run(TestCase.java:120)
junit.framework.TestSuite.runTest(TestSuite.java:230)
junit.framework.TestSuite.run(TestSuite.java:225)
java.base/jdk.internal.reflect.NativeMethodAccessorImpl.invoke0(Native Method)
java.base/jdk.internal.reflect.NativeMethodAccessorImpl.invoke(NativeMethodAccessorImpl.java:62)
java.base/jdk.internal.reflect.DelegatingMethodAccessorImpl.invoke(DelegatingMethodAccessorImpl.java:43)
java.base/java.lang.reflect.Method.invoke(Method.java:567)
	at org.apache.spark.SparkContext$$anonfun$assertNoOtherContextIsRunning$1.apply(SparkContext.scala:2257)
	at org.apache.spark.SparkContext$$anonfun$assertNoOtherContextIsRunning$1.apply(SparkContext.scala:2239)
	at scala.Option.foreach(Option.scala:236)
	at org.apache.spark.SparkContext$.assertNoOtherContextIsRunning(SparkContext.scala:2239)
	at org.apache.spark.SparkContext$.markPartiallyConstructed(SparkContext.scala:2312)
	at org.apache.spark.SparkContext.<init>(SparkContext.scala:91)
	at org.apache.spark.api.java.JavaSparkContext.<init>(JavaSparkContext.scala:59)
	at edu.coursera.distributed.SparkTest.getSparkContext(SparkTest.java:38)
	at edu.coursera.distributed.SparkTest.testDriver(SparkTest.java:170)
	at edu.coursera.distributed.SparkTest.testIncreasingFiftyThousand(SparkTest.java:272)
]]></error>
    <system-err><![CDATA[Running the PageRank algorithm for 5 iterations on a website graph of 50000 websites

]]></system-err>
  </testcase>
  <testcase name="testRandomFiftyThousand" classname="edu.coursera.distributed.SparkTest" time="0.28">
    <error message="Only one SparkContext may be running in this JVM (see SPARK-2243). To ignore this error, set spark.driver.allowMultipleContexts = true. The currently running SparkContext was created at:&#10;org.apache.spark.api.java.JavaSparkContext.&lt;init&gt;(JavaSparkContext.scala:59)&#10;edu.coursera.distributed.SparkTest.getSparkContext(SparkTest.java:38)&#10;edu.coursera.distributed.SparkTest.testDriver(SparkTest.java:170)&#10;edu.coursera.distributed.SparkTest.testUniformTwentyThousand(SparkTest.java:239)&#10;java.base/jdk.internal.reflect.NativeMethodAccessorImpl.invoke0(Native Method)&#10;java.base/jdk.internal.reflect.NativeMethodAccessorImpl.invoke(NativeMethodAccessorImpl.java:62)&#10;java.base/jdk.internal.reflect.DelegatingMethodAccessorImpl.invoke(DelegatingMethodAccessorImpl.java:43)&#10;java.base/java.lang.reflect.Method.invoke(Method.java:567)&#10;junit.framework.TestCase.runTest(TestCase.java:164)&#10;junit.framework.TestCase.runBare(TestCase.java:130)&#10;junit.framework.TestResult$1.protect(TestResult.java:106)&#10;junit.framework.TestResult.runProtected(TestResult.java:124)&#10;junit.framework.TestResult.run(TestResult.java:109)&#10;junit.framework.TestCase.run(TestCase.java:120)&#10;junit.framework.TestSuite.runTest(TestSuite.java:230)&#10;junit.framework.TestSuite.run(TestSuite.java:225)&#10;java.base/jdk.internal.reflect.NativeMethodAccessorImpl.invoke0(Native Method)&#10;java.base/jdk.internal.reflect.NativeMethodAccessorImpl.invoke(NativeMethodAccessorImpl.java:62)&#10;java.base/jdk.internal.reflect.DelegatingMethodAccessorImpl.invoke(DelegatingMethodAccessorImpl.java:43)&#10;java.base/java.lang.reflect.Method.invoke(Method.java:567)" type="org.apache.spark.SparkException"><![CDATA[org.apache.spark.SparkException: Only one SparkContext may be running in this JVM (see SPARK-2243). To ignore this error, set spark.driver.allowMultipleContexts = true. The currently running SparkContext was created at:
org.apache.spark.api.java.JavaSparkContext.<init>(JavaSparkContext.scala:59)
edu.coursera.distributed.SparkTest.getSparkContext(SparkTest.java:38)
edu.coursera.distributed.SparkTest.testDriver(SparkTest.java:170)
edu.coursera.distributed.SparkTest.testUniformTwentyThousand(SparkTest.java:239)
java.base/jdk.internal.reflect.NativeMethodAccessorImpl.invoke0(Native Method)
java.base/jdk.internal.reflect.NativeMethodAccessorImpl.invoke(NativeMethodAccessorImpl.java:62)
java.base/jdk.internal.reflect.DelegatingMethodAccessorImpl.invoke(DelegatingMethodAccessorImpl.java:43)
java.base/java.lang.reflect.Method.invoke(Method.java:567)
junit.framework.TestCase.runTest(TestCase.java:164)
junit.framework.TestCase.runBare(TestCase.java:130)
junit.framework.TestResult$1.protect(TestResult.java:106)
junit.framework.TestResult.runProtected(TestResult.java:124)
junit.framework.TestResult.run(TestResult.java:109)
junit.framework.TestCase.run(TestCase.java:120)
junit.framework.TestSuite.runTest(TestSuite.java:230)
junit.framework.TestSuite.run(TestSuite.java:225)
java.base/jdk.internal.reflect.NativeMethodAccessorImpl.invoke0(Native Method)
java.base/jdk.internal.reflect.NativeMethodAccessorImpl.invoke(NativeMethodAccessorImpl.java:62)
java.base/jdk.internal.reflect.DelegatingMethodAccessorImpl.invoke(DelegatingMethodAccessorImpl.java:43)
java.base/java.lang.reflect.Method.invoke(Method.java:567)
	at org.apache.spark.SparkContext$$anonfun$assertNoOtherContextIsRunning$1.apply(SparkContext.scala:2257)
	at org.apache.spark.SparkContext$$anonfun$assertNoOtherContextIsRunning$1.apply(SparkContext.scala:2239)
	at scala.Option.foreach(Option.scala:236)
	at org.apache.spark.SparkContext$.assertNoOtherContextIsRunning(SparkContext.scala:2239)
	at org.apache.spark.SparkContext$.markPartiallyConstructed(SparkContext.scala:2312)
	at org.apache.spark.SparkContext.<init>(SparkContext.scala:91)
	at org.apache.spark.api.java.JavaSparkContext.<init>(JavaSparkContext.scala:59)
	at edu.coursera.distributed.SparkTest.getSparkContext(SparkTest.java:38)
	at edu.coursera.distributed.SparkTest.testDriver(SparkTest.java:170)
	at edu.coursera.distributed.SparkTest.testRandomFiftyThousand(SparkTest.java:294)
]]></error>
    <system-err><![CDATA[Running the PageRank algorithm for 5 iterations on a website graph of 50000 websites

]]></system-err>
  </testcase>
</testsuite>