<?xml version="1.0" encoding="UTF-8"?>
<testsuite name="edu.coursera.distributed.FileServerTest" time="35.148" tests="8" errors="7" skipped="0" failures="0">
  <properties>
    <property name="idea.version" value="2020.3.1"/>
    <property name="java.runtime.name" value="Java(TM) SE Runtime Environment"/>
    <property name="java.vm.version" value="13.0.1+9"/>
    <property name="sun.boot.library.path" value="C:\Program Files\Java\jdk-13.0.1\bin"/>
    <property name="maven.multiModuleProjectDirectory" value="D:\Distributed-Programming-Course\2-fileServer"/>
    <property name="java.vm.vendor" value="Oracle Corporation"/>
    <property name="java.vendor.url" value="https://java.oracle.com/"/>
    <property name="guice.disable.misplaced.annotation.check" value="true"/>
    <property name="path.separator" value=";"/>
    <property name="java.vm.name" value="Java HotSpot(TM) 64-Bit Server VM"/>
    <property name="sun.os.patch.level" value=""/>
    <property name="user.script" value=""/>
    <property name="user.country" value="US"/>
    <property name="sun.java.launcher" value="SUN_STANDARD"/>
    <property name="java.vm.specification.name" value="Java Virtual Machine Specification"/>
    <property name="user.dir" value="D:\Distributed-Programming-Course\2-fileServer"/>
    <property name="java.vm.compressedOopsMode" value="32-bit"/>
    <property name="java.runtime.version" value="13.0.1+9"/>
    <property name="os.arch" value="amd64"/>
    <property name="java.io.tmpdir" value="C:\Users\Owner\AppData\Local\Temp\"/>
    <property name="line.separator" value="&#10;"/>
    <property name="java.vm.specification.vendor" value="Oracle Corporation"/>
    <property name="user.variant" value=""/>
    <property name="os.name" value="Windows 10"/>
    <property name="maven.ext.class.path" value="C:\Users\Owner\AppData\Local\JetBrains\Toolbox\apps\IDEA-U\ch-0\203.6682.168\plugins\maven\lib\maven-event-listener.jar"/>
    <property name="classworlds.conf" value="C:\Users\Owner\AppData\Local\JetBrains\Toolbox\apps\IDEA-U\ch-0\203.6682.168\plugins\maven\lib\maven3\bin\m2.conf"/>
    <property name="sun.jnu.encoding" value="Cp1252"/>
    <property name="java.library.path" value="C:\Program Files\Java\jdk-13.0.1\bin;C:\WINDOWS\Sun\Java\bin;C:\WINDOWS\system32;C:\WINDOWS;C:\Program Files\AdoptOpenJDK\jre-8.0.272.10-hotspot\bin;C:\Program Files\Java\jdk-13.0.1\bin;&quot;C:\Program Files (x86)\Common Files\Oracle\Java\javapath;C:\Program Files\Java\jdk-13.0.1;C:\Program Files\Java\jre1.8.0_201&quot;;C:\WINDOWS\system32;C:\WINDOWS;C:\WINDOWS\System32\Wbem;C:\WINDOWS\System32\WindowsPowerShell\v1.0\;C:\WINDOWS\System32\OpenSSH\;C:\Program Files\nodejs\;C:\Program Files\Microsoft SQL Server\Client SDK\ODBC\170\Tools\Binn\;C:\Program Files\Git\cmd;C:\Program Files\MySQL\MySQL Server 8.0\bin;C:\Program Files (x86)\Microsoft SQL Server\150\Tools\Binn\;C:\Program Files\Microsoft SQL Server\150\Tools\Binn\;C:\Program Files\Microsoft SQL Server\150\DTS\Binn\;C:\Program Files\dotnet\;C:\Program Files (x86)\Microsoft SQL Server\150\DTS\Binn\;E:\Program Files (x86)\Microsoft Visual Studio\Shared\Python37_64;E:\Program Files (x86)\Microsoft Visual Studio\Shared\Python37_64\Scripts;C:\Program Files\nodejs;C:\Program Files (x86)\Common Files\Acronis\VirtualFile\;C:\Program Files (x86)\Common Files\Acronis\VirtualFile64\;C:\Program Files (x86)\Common Files\Acronis\FileProtector\;C:\Program Files (x86)\Common Files\Acronis\FileProtector64\;C:\Program Files (x86)\Common Files\Acronis\SnapAPI\;C:\ProgramData\chocolatey\bin;C:\Program Files (x86)\PuTTY\;C:\Program Files\Microsoft SQL Server\130\Tools\Binn\;C:\Program Files\Docker\Docker\resources\bin;C:\ProgramData\DockerDesktop\version-bin;C:\Program Files\MySQL\MySQL Shell 8.0\bin\;C:\Users\Owner\AppData\Local\Microsoft\WindowsApps;C:\Users\Owner\AppData\Roaming\npm;C:\Users\Owner\AppData\Local\GitHubDesktop\bin;E:\PyCharm 2019.3.3\bin;;E:\WebStorm 2020.1\bin;;E:\IntelliJ IDEA 2020.1.1\bin;;C:\Users\Owner\AppData\Local\Programs\Microsoft VS Code\bin;E:\Program Files (x86)\Microsoft Visual Studio\Shared\Python37_64\Scripts;E:\Program Files (x86)\Microsoft Visual Studio\Shared\Python37_64;C:\Program Files\nodejs\;C:\Users\Owner\.dotnet\tools;C:\Users\Owner\AppData\Local\Microsoft\WindowsApps;&quot;C:\WINDOWS\system32;C:\WINDOWS;C:\WINDOWS\System32\wbem;&quot;;C:\Windows\System32\;;."/>
    <property name="maven.conf" value="C:\Users\Owner\AppData\Local\JetBrains\Toolbox\apps\IDEA-U\ch-0\203.6682.168\plugins\maven\lib\maven3/conf"/>
    <property name="jdk.debug" value="release"/>
    <property name="java.class.version" value="57.0"/>
    <property name="java.specification.name" value="Java Platform API Specification"/>
    <property name="sun.management.compiler" value="HotSpot 64-Bit Tiered Compilers"/>
    <property name="os.version" value="10.0"/>
    <property name="user.home" value="C:\Users\Owner"/>
    <property name="user.timezone" value="America/Toronto"/>
    <property name="file.encoding" value="UTF-8"/>
    <property name="java.specification.version" value="13"/>
    <property name="user.name" value="Owner"/>
    <property name="java.class.path" value="C:\Users\Owner\AppData\Local\JetBrains\Toolbox\apps\IDEA-U\ch-0\203.6682.168\plugins\maven\lib\maven3\boot\plexus-classworlds-2.6.0.jar;C:\Users\Owner\AppData\Local\JetBrains\Toolbox\apps\IDEA-U\ch-0\203.6682.168\plugins\maven\lib\maven3\boot\plexus-classworlds.license"/>
    <property name="java.vm.specification.version" value="13"/>
    <property name="sun.arch.data.model" value="64"/>
    <property name="sun.java.command" value="org.codehaus.classworlds.Launcher -Didea.version=2020.3.1 test"/>
    <property name="java.home" value="C:\Program Files\Java\jdk-13.0.1"/>
    <property name="user.language" value="en"/>
    <property name="java.specification.vendor" value="Oracle Corporation"/>
    <property name="java.vm.info" value="mixed mode, sharing"/>
    <property name="java.version" value="13.0.1"/>
    <property name="java.vendor" value="Oracle Corporation"/>
    <property name="maven.home" value="C:\Users\Owner\AppData\Local\JetBrains\Toolbox\apps\IDEA-U\ch-0\203.6682.168\plugins\maven\lib\maven3"/>
    <property name="file.separator" value="\"/>
    <property name="java.version.date" value="2019-10-15"/>
    <property name="java.vendor.url.bug" value="https://bugreport.java.com/bugreport/"/>
    <property name="sun.io.unicode.encoding" value="UnicodeLittle"/>
    <property name="sun.cpu.endian" value="little"/>
    <property name="sun.cpu.isalist" value="amd64"/>
  </properties>
  <testcase name="testMissingNestedFileGet" classname="edu.coursera.distributed.FileServerTest" time="5.083">
    <error message="Read timed out" type="java.net.SocketTimeoutException">java.net.SocketTimeoutException: Read timed out
	at java.base/sun.nio.ch.NioSocketImpl.timedRead(NioSocketImpl.java:284)
	at java.base/sun.nio.ch.NioSocketImpl.implRead(NioSocketImpl.java:310)
	at java.base/sun.nio.ch.NioSocketImpl.read(NioSocketImpl.java:351)
	at java.base/sun.nio.ch.NioSocketImpl$1.read(NioSocketImpl.java:802)
	at java.base/java.net.Socket$SocketInputStream.read(Socket.java:937)
	at java.base/java.io.BufferedInputStream.fill(BufferedInputStream.java:245)
	at java.base/java.io.BufferedInputStream.read1(BufferedInputStream.java:285)
	at java.base/java.io.BufferedInputStream.read(BufferedInputStream.java:344)
	at java.base/sun.net.www.http.HttpClient.parseHTTPHeader(HttpClient.java:746)
	at java.base/sun.net.www.http.HttpClient.parseHTTP(HttpClient.java:689)
	at java.base/sun.net.www.protocol.http.HttpURLConnection.getInputStream0(HttpURLConnection.java:1610)
	at java.base/sun.net.www.protocol.http.HttpURLConnection.getInputStream(HttpURLConnection.java:1515)
	at java.base/java.net.HttpURLConnection.getResponseCode(HttpURLConnection.java:527)
	at edu.coursera.distributed.FileServerTest.sendHttpRequest(FileServerTest.java:123)
	at edu.coursera.distributed.FileServerTest.testMissingNestedFileGet(FileServerTest.java:242)
</error>
    <system-err><![CDATA[
Launching server for testMissingNestedFileGet
Requesting static/missingdir/missing.txt... ]]></system-err>
  </testcase>
  <testcase name="testDoublyNestedFileGet" classname="edu.coursera.distributed.FileServerTest" time="5.007">
    <error message="Read timed out" type="java.net.SocketTimeoutException">java.net.SocketTimeoutException: Read timed out
	at java.base/sun.nio.ch.NioSocketImpl.timedRead(NioSocketImpl.java:284)
	at java.base/sun.nio.ch.NioSocketImpl.implRead(NioSocketImpl.java:310)
	at java.base/sun.nio.ch.NioSocketImpl.read(NioSocketImpl.java:351)
	at java.base/sun.nio.ch.NioSocketImpl$1.read(NioSocketImpl.java:802)
	at java.base/java.net.Socket$SocketInputStream.read(Socket.java:937)
	at java.base/java.io.BufferedInputStream.fill(BufferedInputStream.java:245)
	at java.base/java.io.BufferedInputStream.read1(BufferedInputStream.java:285)
	at java.base/java.io.BufferedInputStream.read(BufferedInputStream.java:344)
	at java.base/sun.net.www.http.HttpClient.parseHTTPHeader(HttpClient.java:746)
	at java.base/sun.net.www.http.HttpClient.parseHTTP(HttpClient.java:689)
	at java.base/sun.net.www.protocol.http.HttpURLConnection.getInputStream0(HttpURLConnection.java:1610)
	at java.base/sun.net.www.protocol.http.HttpURLConnection.getInputStream(HttpURLConnection.java:1515)
	at java.base/java.net.HttpURLConnection.getResponseCode(HttpURLConnection.java:527)
	at edu.coursera.distributed.FileServerTest.sendHttpRequest(FileServerTest.java:123)
	at edu.coursera.distributed.FileServerTest.testDoublyNestedFileGet(FileServerTest.java:204)
</error>
    <system-err><![CDATA[
Launching server for testDoublyNestedFileGet
Requesting static/dir3/dir4/E.txt... ]]></system-err>
  </testcase>
  <testcase name="testFileGet" classname="edu.coursera.distributed.FileServerTest" time="5.013">
    <error message="Read timed out" type="java.net.SocketTimeoutException">java.net.SocketTimeoutException: Read timed out
	at java.base/sun.nio.ch.NioSocketImpl.timedRead(NioSocketImpl.java:284)
	at java.base/sun.nio.ch.NioSocketImpl.implRead(NioSocketImpl.java:310)
	at java.base/sun.nio.ch.NioSocketImpl.read(NioSocketImpl.java:351)
	at java.base/sun.nio.ch.NioSocketImpl$1.read(NioSocketImpl.java:802)
	at java.base/java.net.Socket$SocketInputStream.read(Socket.java:937)
	at java.base/java.io.BufferedInputStream.fill(BufferedInputStream.java:245)
	at java.base/java.io.BufferedInputStream.read1(BufferedInputStream.java:285)
	at java.base/java.io.BufferedInputStream.read(BufferedInputStream.java:344)
	at java.base/sun.net.www.http.HttpClient.parseHTTPHeader(HttpClient.java:746)
	at java.base/sun.net.www.http.HttpClient.parseHTTP(HttpClient.java:689)
	at java.base/sun.net.www.protocol.http.HttpURLConnection.getInputStream0(HttpURLConnection.java:1610)
	at java.base/sun.net.www.protocol.http.HttpURLConnection.getInputStream(HttpURLConnection.java:1515)
	at java.base/java.net.HttpURLConnection.getResponseCode(HttpURLConnection.java:527)
	at edu.coursera.distributed.FileServerTest.sendHttpRequest(FileServerTest.java:123)
	at edu.coursera.distributed.FileServerTest.testFileGet(FileServerTest.java:161)
</error>
    <system-err><![CDATA[
Launching server for testFileGet
Requesting static/A.txt... ]]></system-err>
  </testcase>
  <testcase name="testTermination" classname="edu.coursera.distributed.FileServerTest" time="0.003"/>
  <testcase name="testFileGets" classname="edu.coursera.distributed.FileServerTest" time="5.003">
    <error message="Read timed out" type="java.net.SocketTimeoutException">java.net.SocketTimeoutException: Read timed out
	at java.base/sun.nio.ch.NioSocketImpl.timedRead(NioSocketImpl.java:284)
	at java.base/sun.nio.ch.NioSocketImpl.implRead(NioSocketImpl.java:310)
	at java.base/sun.nio.ch.NioSocketImpl.read(NioSocketImpl.java:351)
	at java.base/sun.nio.ch.NioSocketImpl$1.read(NioSocketImpl.java:802)
	at java.base/java.net.Socket$SocketInputStream.read(Socket.java:937)
	at java.base/java.io.BufferedInputStream.fill(BufferedInputStream.java:245)
	at java.base/java.io.BufferedInputStream.read1(BufferedInputStream.java:285)
	at java.base/java.io.BufferedInputStream.read(BufferedInputStream.java:344)
	at java.base/sun.net.www.http.HttpClient.parseHTTPHeader(HttpClient.java:746)
	at java.base/sun.net.www.http.HttpClient.parseHTTP(HttpClient.java:689)
	at java.base/sun.net.www.protocol.http.HttpURLConnection.getInputStream0(HttpURLConnection.java:1610)
	at java.base/sun.net.www.protocol.http.HttpURLConnection.getInputStream(HttpURLConnection.java:1515)
	at java.base/java.net.HttpURLConnection.getResponseCode(HttpURLConnection.java:527)
	at edu.coursera.distributed.FileServerTest.sendHttpRequest(FileServerTest.java:123)
	at edu.coursera.distributed.FileServerTest.testFileGets(FileServerTest.java:174)
</error>
    <system-err><![CDATA[
Launching server for testFileGets
Requesting static/A.txt... ]]></system-err>
  </testcase>
  <testcase name="testNestedFileGet" classname="edu.coursera.distributed.FileServerTest" time="5.009">
    <error message="Read timed out" type="java.net.SocketTimeoutException">java.net.SocketTimeoutException: Read timed out
	at java.base/sun.nio.ch.NioSocketImpl.timedRead(NioSocketImpl.java:284)
	at java.base/sun.nio.ch.NioSocketImpl.implRead(NioSocketImpl.java:310)
	at java.base/sun.nio.ch.NioSocketImpl.read(NioSocketImpl.java:351)
	at java.base/sun.nio.ch.NioSocketImpl$1.read(NioSocketImpl.java:802)
	at java.base/java.net.Socket$SocketInputStream.read(Socket.java:937)
	at java.base/java.io.BufferedInputStream.fill(BufferedInputStream.java:245)
	at java.base/java.io.BufferedInputStream.read1(BufferedInputStream.java:285)
	at java.base/java.io.BufferedInputStream.read(BufferedInputStream.java:344)
	at java.base/sun.net.www.http.HttpClient.parseHTTPHeader(HttpClient.java:746)
	at java.base/sun.net.www.http.HttpClient.parseHTTP(HttpClient.java:689)
	at java.base/sun.net.www.protocol.http.HttpURLConnection.getInputStream0(HttpURLConnection.java:1610)
	at java.base/sun.net.www.protocol.http.HttpURLConnection.getInputStream(HttpURLConnection.java:1515)
	at java.base/java.net.HttpURLConnection.getResponseCode(HttpURLConnection.java:527)
	at edu.coursera.distributed.FileServerTest.sendHttpRequest(FileServerTest.java:123)
	at edu.coursera.distributed.FileServerTest.testNestedFileGet(FileServerTest.java:191)
</error>
    <system-err><![CDATA[
Launching server for testNestedFileGet
Requesting static/dir1/C.txt... ]]></system-err>
  </testcase>
  <testcase name="testLargeFileGet" classname="edu.coursera.distributed.FileServerTest" time="5.013">
    <error message="Read timed out" type="java.net.SocketTimeoutException">java.net.SocketTimeoutException: Read timed out
	at java.base/sun.nio.ch.NioSocketImpl.timedRead(NioSocketImpl.java:284)
	at java.base/sun.nio.ch.NioSocketImpl.implRead(NioSocketImpl.java:310)
	at java.base/sun.nio.ch.NioSocketImpl.read(NioSocketImpl.java:351)
	at java.base/sun.nio.ch.NioSocketImpl$1.read(NioSocketImpl.java:802)
	at java.base/java.net.Socket$SocketInputStream.read(Socket.java:937)
	at java.base/java.io.BufferedInputStream.fill(BufferedInputStream.java:245)
	at java.base/java.io.BufferedInputStream.read1(BufferedInputStream.java:285)
	at java.base/java.io.BufferedInputStream.read(BufferedInputStream.java:344)
	at java.base/sun.net.www.http.HttpClient.parseHTTPHeader(HttpClient.java:746)
	at java.base/sun.net.www.http.HttpClient.parseHTTP(HttpClient.java:689)
	at java.base/sun.net.www.protocol.http.HttpURLConnection.getInputStream0(HttpURLConnection.java:1610)
	at java.base/sun.net.www.protocol.http.HttpURLConnection.getInputStream(HttpURLConnection.java:1515)
	at java.base/java.net.HttpURLConnection.getResponseCode(HttpURLConnection.java:527)
	at edu.coursera.distributed.FileServerTest.sendHttpRequest(FileServerTest.java:123)
	at edu.coursera.distributed.FileServerTest.testLargeFileGet(FileServerTest.java:217)
</error>
    <system-err><![CDATA[
Launching server for testLargeFileGet
Requesting static/ABC.txt... ]]></system-err>
  </testcase>
  <testcase name="testMissingFileGet" classname="edu.coursera.distributed.FileServerTest" time="5.017">
    <error message="Read timed out" type="java.net.SocketTimeoutException">java.net.SocketTimeoutException: Read timed out
	at java.base/sun.nio.ch.NioSocketImpl.timedRead(NioSocketImpl.java:284)
	at java.base/sun.nio.ch.NioSocketImpl.implRead(NioSocketImpl.java:310)
	at java.base/sun.nio.ch.NioSocketImpl.read(NioSocketImpl.java:351)
	at java.base/sun.nio.ch.NioSocketImpl$1.read(NioSocketImpl.java:802)
	at java.base/java.net.Socket$SocketInputStream.read(Socket.java:937)
	at java.base/java.io.BufferedInputStream.fill(BufferedInputStream.java:245)
	at java.base/java.io.BufferedInputStream.read1(BufferedInputStream.java:285)
	at java.base/java.io.BufferedInputStream.read(BufferedInputStream.java:344)
	at java.base/sun.net.www.http.HttpClient.parseHTTPHeader(HttpClient.java:746)
	at java.base/sun.net.www.http.HttpClient.parseHTTP(HttpClient.java:689)
	at java.base/sun.net.www.protocol.http.HttpURLConnection.getInputStream0(HttpURLConnection.java:1610)
	at java.base/sun.net.www.protocol.http.HttpURLConnection.getInputStream(HttpURLConnection.java:1515)
	at java.base/java.net.HttpURLConnection.getResponseCode(HttpURLConnection.java:527)
	at edu.coursera.distributed.FileServerTest.sendHttpRequest(FileServerTest.java:123)
	at edu.coursera.distributed.FileServerTest.testMissingFileGet(FileServerTest.java:230)
</error>
    <system-err><![CDATA[
Launching server for testMissingFileGet
Requesting static/missing.txt... ]]></system-err>
  </testcase>
</testsuite>